r5!:!getStringValue!!
"b"!:!<init>
"bb"!:!<init>
concat!!Ljava/lang/String;!:!0
"AA"!:!<init>
equals!!Ljava/lang/CharSequence;!:!0
equals!!Ljava/lang/CharSequence;!:!0
toUpperCase!!!:!0
r0!:!getStringValue!!
r3!:!getStringValue!!
"A"!:!<init>
r4!:!getStringValue!!
"AA"!:!<init>
r5!:!getStringValue!!
"AB"!:!<init>
r6!:!getStringValue!!
concat!!Ljava/lang/String;!:!0
equals!!Ljava/lang/Object;!:!0
r7!:!getStringValue!!
"A"!:!<init>
r8!:!getStringValue!!
"A"!:!<init>
r9!:!getStringValue!!
"AAB"!:!<init>
r10!:!getStringValue!!
concat!!Ljava/lang/String;!:!0
equals!!Ljava/lang/Object;!:!0
concat!!Ljava/lang/String;!:!0
concat!!Ljava/lang/String;!:!0
concat!!Ljava/lang/String;!:!0
concat!!Ljava/lang/String;!:!0
concat!!Ljava/lang/String;!:!0
concat!!Ljava/lang/String;!:!0
concat!!Ljava/lang/String;!:!0
concat!!Ljava/lang/String;!:!0
concat!!Ljava/lang/String;!:!0
concat!!Ljava/lang/String;!:!0
"AA"!:!<init>
r0!:!getStringValue!!
r3!:!getStringValue!!
"A"!:!<init>
r4!:!getStringValue!!
"AAA"!:!<init>
r5!:!getStringValue!!
"A"!:!<init>
r6!:!getStringValue!!
concat!!Ljava/lang/String;!:!0
equals!!Ljava/lang/Object;!:!0
r7!:!getStringValue!!
"B"!:!<init>
r8!:!getStringValue!!
r9!:!getStringValue!!
r10!:!getStringValue!!
concat!!Ljava/lang/String;!:!0
equals!!Ljava/lang/Object;!:!0
concat!!Ljava/lang/String;!:!0
concat!!Ljava/lang/String;!:!0
concat!!Ljava/lang/String;!:!0
concat!!Ljava/lang/String;!:!0
concat!!Ljava/lang/String;!:!0
concat!!Ljava/lang/String;!:!0
concat!!Ljava/lang/String;!:!0
concat!!Ljava/lang/String;!:!0
concat!!Ljava/lang/String;!:!0
concat!!Ljava/lang/String;!:!0
r5!:!getStringValue!!
"aA"!:!<init>
"aaa"!:!<init>
concat!!Ljava/lang/String;!:!0
"AA"!:!<init>
contains!!Ljava/lang/CharSequence;!:!0
contains!!Ljava/lang/CharSequence;!:!0
toUpperCase!!!:!0
"B"!:!<init>
concat!!Ljava/lang/String;!:!0
concat!!Ljava/lang/String;!:!0
r5!:!getStringValue!!
"Aa"!:!<init>
contains!!Ljava/lang/CharSequence;!:!0
toUpperCase!!!:!0
r7!:!getStringValue!!
concat!!Ljava/lang/String;!:!0
concat!!Ljava/lang/String;!:!0
r5!:!getStringValue!!
r6!:!getStringValue!!
"AAA"!:!<init>
"B"!:!<init>
contains!!Ljava/lang/CharSequence;!:!0
contains!!Ljava/lang/CharSequence;!:!0
"A"!:!<init>
concat!!Ljava/lang/String;!:!0
concat!!Ljava/lang/String;!:!0
r5!:!getStringValue!!
r6!:!getStringValue!!
"A"!:!<init>
contains!!Ljava/lang/CharSequence;!:!0
isEmpty!!!:!0
isEmpty!!!:!0
r5!:!getStringValue!!
"aa"!:!<init>
contains!!Ljava/lang/CharSequence;!:!0
toLowerCase!!!:!0
r5!:!getStringValue!!
toUpperCase!!!:!0
concat!!Ljava/lang/String;!:!0
concat!!Ljava/lang/String;!:!0
concat!!Ljava/lang/String;!:!0
"aaAA"!:!<init>
contains!!Ljava/lang/CharSequence;!:!0
concat!!Ljava/lang/String;!:!0
r5!:!getStringValue!!
"aaAA"!:!<init>
contains!!Ljava/lang/CharSequence;!:!0
toLowerCase!!!:!0
toUpperCase!!!:!0
concat!!Ljava/lang/String;!:!0
r5!:!getStringValue!!
"Aa"!:!<init>
contains!!Ljava/lang/CharSequence;!:!0
toUpperCase!!!:!0
concat!!Ljava/lang/String;!:!0
r5!:!getStringValue!!
r6!:!getStringValue!!
"aA"!:!<init>
contains!!Ljava/lang/CharSequence;!:!0
toLowerCase!!!:!0
toUpperCase!!!:!0
r0!:!getStringValue!!
r3!:!getStringValue!!
"A"!:!<init>
r4!:!getStringValue!!
"A"!:!<init>
r5!:!getStringValue!!
"ACA"!:!<init>
r6!:!getStringValue!!
concat!!Ljava/lang/String;!:!0
equals!!Ljava/lang/Object;!:!0
r7!:!getStringValue!!
"A"!:!<init>
r8!:!getStringValue!!
"B"!:!<init>
r9!:!getStringValue!!
"AACA"!:!<init>
r10!:!getStringValue!!
concat!!Ljava/lang/String;!:!0
equals!!Ljava/lang/Object;!:!0
r11!:!getStringValue!!
"A"!:!<init>
r12!:!getStringValue!!
"AA"!:!<init>
r13!:!getStringValue!!
"BC"!:!<init>
r14!:!getStringValue!!
concat!!Ljava/lang/String;!:!0
equals!!Ljava/lang/Object;!:!0
r15!:!getStringValue!!
"B"!:!<init>
r16!:!getStringValue!!
"A"!:!<init>
r17!:!getStringValue!!
"AABC"!:!<init>
r18!:!getStringValue!!
concat!!Ljava/lang/String;!:!0
equals!!Ljava/lang/Object;!:!0
concat!!Ljava/lang/String;!:!0
concat!!Ljava/lang/String;!:!0
concat!!Ljava/lang/String;!:!0
concat!!Ljava/lang/String;!:!0
concat!!Ljava/lang/String;!:!0
concat!!Ljava/lang/String;!:!0
concat!!Ljava/lang/String;!:!0
concat!!Ljava/lang/String;!:!0
concat!!Ljava/lang/String;!:!0
concat!!Ljava/lang/String;!:!0
concat!!Ljava/lang/String;!:!0
concat!!Ljava/lang/String;!:!0
concat!!Ljava/lang/String;!:!0
concat!!Ljava/lang/String;!:!0
concat!!Ljava/lang/String;!:!0
concat!!Ljava/lang/String;!:!0
concat!!Ljava/lang/String;!:!0
concat!!Ljava/lang/String;!:!0
concat!!Ljava/lang/String;!:!0
concat!!Ljava/lang/String;!:!0
"A"!:!<init>
"B"!:!<init>
r4!:!getStringValue!!
replace!!CC!:!0
equals!!Ljava/lang/Object;!:!0
"BB"!:!<init>
r5!:!getStringValue!!
"aA"!:!<init>
"aaa"!:!<init>
concat!!Ljava/lang/String;!:!0
"AA"!:!<init>
contains!!Ljava/lang/CharSequence;!:!0
contains!!Ljava/lang/CharSequence;!:!0
r5!:!getStringValue!!
"4"!:!<init>
"7"!:!<init>
"two"!:!<init>
substring!!II!:!0
equals!!Ljava/lang/Object;!:!0
"CCC"!:!<init>
r0!:!getStringValue!!
r3!:!getStringValue!!
"C"!:!<init>
r4!:!getStringValue!!
"B"!:!<init>
r5!:!getStringValue!!
"BBBC"!:!<init>
r6!:!getStringValue!!
concat!!Ljava/lang/String;!:!0
equals!!Ljava/lang/Object;!:!0
r7!:!getStringValue!!
"A"!:!<init>
r8!:!getStringValue!!
"A"!:!<init>
r9!:!getStringValue!!
"ACCB"!:!<init>
r10!:!getStringValue!!
concat!!Ljava/lang/String;!:!0
equals!!Ljava/lang/Object;!:!0
r11!:!getStringValue!!
"B"!:!<init>
r12!:!getStringValue!!
"B"!:!<init>
r13!:!getStringValue!!
r14!:!getStringValue!!
concat!!Ljava/lang/String;!:!0
equals!!Ljava/lang/Object;!:!0
r15!:!getStringValue!!
"C"!:!<init>
r16!:!getStringValue!!
"C"!:!<init>
r17!:!getStringValue!!
"B"!:!<init>
r18!:!getStringValue!!
concat!!Ljava/lang/String;!:!0
equals!!Ljava/lang/Object;!:!0
concat!!Ljava/lang/String;!:!0
concat!!Ljava/lang/String;!:!0
concat!!Ljava/lang/String;!:!0
concat!!Ljava/lang/String;!:!0
concat!!Ljava/lang/String;!:!0
concat!!Ljava/lang/String;!:!0
concat!!Ljava/lang/String;!:!0
concat!!Ljava/lang/String;!:!0
concat!!Ljava/lang/String;!:!0
concat!!Ljava/lang/String;!:!0
concat!!Ljava/lang/String;!:!0
concat!!Ljava/lang/String;!:!0
concat!!Ljava/lang/String;!:!0
concat!!Ljava/lang/String;!:!0
concat!!Ljava/lang/String;!:!0
concat!!Ljava/lang/String;!:!0
concat!!Ljava/lang/String;!:!0
concat!!Ljava/lang/String;!:!0
concat!!Ljava/lang/String;!:!0
concat!!Ljava/lang/String;!:!0
concat!!Ljava/lang/String;!:!0
r0!:!getStringValue!!
r3!:!getStringValue!!
"A"!:!<init>
r4!:!getStringValue!!
"AA"!:!<init>
r5!:!getStringValue!!
"CA"!:!<init>
r6!:!getStringValue!!
concat!!Ljava/lang/String;!:!0
equals!!Ljava/lang/Object;!:!0
r7!:!getStringValue!!
"C"!:!<init>
r8!:!getStringValue!!
"A"!:!<init>
r9!:!getStringValue!!
"ACA"!:!<init>
r10!:!getStringValue!!
concat!!Ljava/lang/String;!:!0
equals!!Ljava/lang/Object;!:!0
concat!!Ljava/lang/String;!:!0
concat!!Ljava/lang/String;!:!0
concat!!Ljava/lang/String;!:!0
concat!!Ljava/lang/String;!:!0
concat!!Ljava/lang/String;!:!0
concat!!Ljava/lang/String;!:!0
concat!!Ljava/lang/String;!:!0
concat!!Ljava/lang/String;!:!0
concat!!Ljava/lang/String;!:!0
concat!!Ljava/lang/String;!:!0
"B"!:!<init>
concat!!Ljava/lang/String;!:!0
concat!!Ljava/lang/String;!:!0
r5!:!getStringValue!!
"aA"!:!<init>
contains!!Ljava/lang/CharSequence;!:!0
toLowerCase!!!:!0
r5!:!getStringValue!!
toUpperCase!!!:!0
concat!!Ljava/lang/String;!:!0
concat!!Ljava/lang/String;!:!0
concat!!Ljava/lang/String;!:!0
"ab"!:!<init>
contains!!Ljava/lang/CharSequence;!:!0
"ACA"!:!<init>
r0!:!getStringValue!!
r1!:!getStringValue!!
"C"!:!<init>
r2!:!getStringValue!!
"A"!:!<init>
r3!:!getStringValue!!
"C"!:!<init>
r4!:!getStringValue!!
concat!!Ljava/lang/String;!:!0
equals!!Ljava/lang/Object;!:!0
r5!:!getStringValue!!
"A"!:!<init>
r6!:!getStringValue!!
"A"!:!<init>
r7!:!getStringValue!!
"AACA"!:!<init>
r8!:!getStringValue!!
concat!!Ljava/lang/String;!:!0
equals!!Ljava/lang/Object;!:!0
r9!:!getStringValue!!
"C"!:!<init>
r10!:!getStringValue!!
"A"!:!<init>
r11!:!getStringValue!!
r12!:!getStringValue!!
concat!!Ljava/lang/String;!:!0
equals!!Ljava/lang/Object;!:!0
concat!!Ljava/lang/String;!:!0
concat!!Ljava/lang/String;!:!0
concat!!Ljava/lang/String;!:!0
concat!!Ljava/lang/String;!:!0
concat!!Ljava/lang/String;!:!0
concat!!Ljava/lang/String;!:!0
concat!!Ljava/lang/String;!:!0
concat!!Ljava/lang/String;!:!0
concat!!Ljava/lang/String;!:!0
concat!!Ljava/lang/String;!:!0
concat!!Ljava/lang/String;!:!0
concat!!Ljava/lang/String;!:!0
concat!!Ljava/lang/String;!:!0
concat!!Ljava/lang/String;!:!0
concat!!Ljava/lang/String;!:!0
concat!!Ljava/lang/String;!:!0
concat!!Ljava/lang/String;!:!0
r5!:!getStringValue!!
"AAaa"!:!<init>
contains!!Ljava/lang/CharSequence;!:!0
toUpperCase!!!:!0
"AB"!:!<init>
concat!!Ljava/lang/String;!:!0
r5!:!getStringValue!!
"aA"!:!<init>
contains!!Ljava/lang/CharSequence;!:!0
toLowerCase!!!:!0
""!:!<init>
"B"!:!<init>
"A"!:!<init>
concat!!Ljava/lang/String;!:!0
r5!:!getStringValue!!
contains!!Ljava/lang/CharSequence;!:!0
contains!!Ljava/lang/CharSequence;!:!0
r5!:!getStringValue!!
"aA"!:!<init>
"AA"!:!<init>
contains!!Ljava/lang/CharSequence;!:!0
contains!!Ljava/lang/CharSequence;!:!0
concat!!Ljava/lang/String;!:!0
r5!:!getStringValue!!
r6!:!getStringValue!!
"onetwo"!:!<init>
equals!!Ljava/lang/Object;!:!0
